[debug] [2025-03-26T11:55:00.253Z] ----------------------------------------------------------------------
[debug] [2025-03-26T11:55:00.256Z] Command:       C:\Program Files\nodejs\node.exe C:\Users\seleal\AppData\Roaming\npm\node_modules\firebase-tools\lib\bin\firebase.js login --reauth
[debug] [2025-03-26T11:55:00.256Z] CLI Version:   13.35.1
[debug] [2025-03-26T11:55:00.256Z] Platform:      win32
[debug] [2025-03-26T11:55:00.256Z] Node Version:  v22.5.1
[debug] [2025-03-26T11:55:00.257Z] Time:          Wed Mar 26 2025 11:55:00 GMT+0000 (Hora padrão da Europa Ocidental)
[debug] [2025-03-26T11:55:00.257Z] ----------------------------------------------------------------------
[debug] 
[info] 
[info] Visit this URL on this device to log in:
[info] https://accounts.google.com/o/oauth2/auth?client_id=563584335869-fgrhgmd47bqnekij5i8b5pr03ho849e6.apps.googleusercontent.com&scope=email%20openid%20https%3A%2F%2Fwww.googleapis.com%2Fauth%2Fcloudplatformprojects.readonly%20https%3A%2F%2Fwww.googleapis.com%2Fauth%2Ffirebase%20https%3A%2F%2Fwww.googleapis.com%2Fauth%2Fcloud-platform&response_type=code&state=903073802&redirect_uri=http%3A%2F%2Flocalhost%3A9005
[info] 
[info] Waiting for authentication...
[debug] [2025-03-26T11:55:06.771Z] >>> [apiv2][query] POST https://accounts.google.com/o/oauth2/token [none]
[debug] [2025-03-26T11:55:06.771Z] >>> [apiv2][body] POST https://accounts.google.com/o/oauth2/token [omitted]
[debug] [2025-03-26T11:55:07.010Z] *** [apiv2] error from fetch(https://accounts.google.com/o/oauth2/token, {"headers":{},"method":"POST","body":{"_overheadLength":543,"_valueLength":208,"_valuesToMeasure":[],"writable":false,"readable":true,"dataSize":0,"maxDataSize":2097152,"pauseStreams":true,"_released":true,"_streams":[],"_currentStream":null,"_insideLoop":false,"_pendingNext":false,"_boundary":"--------------------------952135768681903267626735","_events":{},"_eventsCount":1}}): FetchError: request to https://accounts.google.com/o/oauth2/token failed, reason: unable to get local issuer certificate
[debug] [2025-03-26T11:55:07.010Z] Token Fetch Error: FirebaseError: Failed to make request to https://accounts.google.com/o/oauth2/token
    at RetryOperation._fn (C:\Users\seleal\AppData\Roaming\npm\node_modules\firebase-tools\lib\apiv2.js:261:31)
    at process.processTicksAndRejections (node:internal/process/task_queues:95:5)
[error] Authentication Error: Your credentials are no longer valid. Please run firebase login --reauth

For CI servers and headless environments, generate a new token with firebase login:ci
[debug] [2025-03-26T11:55:07.017Z] >>> [apiv2][query] POST https://auth.firebase.tools/attest [none]
[debug] [2025-03-26T11:55:07.017Z] >>> [apiv2][body] POST https://auth.firebase.tools/attest {"session_id":"d2e51d24-5a63-40ca-b32d-f423db0b424f"}
[debug] [2025-03-26T11:55:07.506Z] <<< [apiv2][status] POST https://auth.firebase.tools/attest 200
[debug] [2025-03-26T11:55:07.506Z] <<< [apiv2][body] POST https://auth.firebase.tools/attest {"token":"_0y7D5ASUjcvajHD0C0tUoA4XXLY6C3x9WGH8b0LXts"}
[info] 
[info] To sign in to the Firebase CLI:
[info] 
[info] 1. Take note of your session ID:
[info] 
[info]    D2E51
[info] 
[info] 2. Visit the URL below on any device and follow the instructions to get your code:
[info] 
[info]    https://auth.firebase.tools/login?code_challenge=CuC9BJ7EKOZNvHTU3D4X_bJerZX40r57ZSFlJqvsluk&session=d2e51d24-5a63-40ca-b32d-f423db0b424f&attest=_0y7D5ASUjcvajHD0C0tUoA4XXLY6C3x9WGH8b0LXts
[info] 
[info] 3. Paste or enter the authorization code below once you have it:
[info] 
[debug] [2025-03-26T11:57:07.573Z] ----------------------------------------------------------------------
[debug] [2025-03-26T11:57:07.575Z] Command:       C:\Program Files\nodejs\node.exe C:\Users\seleal\AppData\Roaming\npm\node_modules\firebase-tools\lib\bin\firebase.js login
[debug] [2025-03-26T11:57:07.576Z] CLI Version:   13.35.1
[debug] [2025-03-26T11:57:07.576Z] Platform:      win32
[debug] [2025-03-26T11:57:07.576Z] Node Version:  v22.5.1
[debug] [2025-03-26T11:57:07.576Z] Time:          Wed Mar 26 2025 11:57:07 GMT+0000 (Hora padrão da Europa Ocidental)
[debug] [2025-03-26T11:57:07.576Z] ----------------------------------------------------------------------
[debug] 
[info] i  Firebase optionally collects CLI and Emulator Suite usage and error reporting information to help improve our products. Data is collected in accordance with Google's privacy policy (https://policies.google.com/privacy) and is not used to identify you.
 
[info] i  To change your data collection preference at any time, run `firebase logout` and log in again. 
[info] 
[info] Visit this URL on this device to log in:
[info] https://accounts.google.com/o/oauth2/auth?client_id=563584335869-fgrhgmd47bqnekij5i8b5pr03ho849e6.apps.googleusercontent.com&scope=email%20openid%20https%3A%2F%2Fwww.googleapis.com%2Fauth%2Fcloudplatformprojects.readonly%20https%3A%2F%2Fwww.googleapis.com%2Fauth%2Ffirebase%20https%3A%2F%2Fwww.googleapis.com%2Fauth%2Fcloud-platform&response_type=code&state=55727401&redirect_uri=http%3A%2F%2Flocalhost%3A9005
[info] 
[info] Waiting for authentication...
[debug] [2025-03-26T11:57:16.198Z] >>> [apiv2][query] POST https://accounts.google.com/o/oauth2/token [none]
[debug] [2025-03-26T11:57:16.198Z] >>> [apiv2][body] POST https://accounts.google.com/o/oauth2/token [omitted]
[debug] [2025-03-26T11:57:16.465Z] *** [apiv2] error from fetch(https://accounts.google.com/o/oauth2/token, {"headers":{},"method":"POST","body":{"_overheadLength":543,"_valueLength":208,"_valuesToMeasure":[],"writable":false,"readable":true,"dataSize":0,"maxDataSize":2097152,"pauseStreams":true,"_released":true,"_streams":[],"_currentStream":null,"_insideLoop":false,"_pendingNext":false,"_boundary":"--------------------------469189539578916707741400","_events":{},"_eventsCount":1}}): FetchError: request to https://accounts.google.com/o/oauth2/token failed, reason: unable to get local issuer certificate
[debug] [2025-03-26T11:57:16.466Z] Token Fetch Error: FirebaseError: Failed to make request to https://accounts.google.com/o/oauth2/token
    at RetryOperation._fn (C:\Users\seleal\AppData\Roaming\npm\node_modules\firebase-tools\lib\apiv2.js:261:31)
    at process.processTicksAndRejections (node:internal/process/task_queues:95:5)
[error] Authentication Error: Your credentials are no longer valid. Please run firebase login --reauth

For CI servers and headless environments, generate a new token with firebase login:ci
[debug] [2025-03-26T11:57:16.473Z] >>> [apiv2][query] POST https://auth.firebase.tools/attest [none]
[debug] [2025-03-26T11:57:16.474Z] >>> [apiv2][body] POST https://auth.firebase.tools/attest {"session_id":"b5044297-7cf2-4ec5-b4be-ac4ab4f2b71d"}
[debug] [2025-03-26T11:57:16.924Z] <<< [apiv2][status] POST https://auth.firebase.tools/attest 200
[debug] [2025-03-26T11:57:16.924Z] <<< [apiv2][body] POST https://auth.firebase.tools/attest {"token":"ToEm3JX7pbUZAvL1WAc8xu2IDtUBz6r4IHY_zogFzzA"}
[info] 
[info] To sign in to the Firebase CLI:
[info] 
[info] 1. Take note of your session ID:
[info] 
[info]    B5044
[info] 
[info] 2. Visit the URL below on any device and follow the instructions to get your code:
[info] 
[info]    https://auth.firebase.tools/login?code_challenge=rti0xut83qME1PuWiGlpL9C2JN_gbSH9jpccKbH2S3M&session=b5044297-7cf2-4ec5-b4be-ac4ab4f2b71d&attest=ToEm3JX7pbUZAvL1WAc8xu2IDtUBz6r4IHY_zogFzzA
[info] 
[info] 3. Paste or enter the authorization code below once you have it:
[info] 
